c:\users\finn\documents\github\adv-prog-cw\x64\debug\vc142.pdb
c:\users\finn\documents\github\adv-prog-cw\x64\debug\vc142.idb
c:\users\finn\documents\github\adv-prog-cw\x64\debug\vehicle.nativecodeanalysis.sarif
c:\users\finn\documents\github\adv-prog-cw\x64\debug\vehicle.nativecodeanalysis.xml
c:\users\finn\documents\github\adv-prog-cw\x64\debug\storage.nativecodeanalysis.sarif
c:\users\finn\documents\github\adv-prog-cw\x64\debug\storage.nativecodeanalysis.xml
c:\users\finn\documents\github\adv-prog-cw\x64\debug\record.nativecodeanalysis.sarif
c:\users\finn\documents\github\adv-prog-cw\x64\debug\record.nativecodeanalysis.xml
c:\users\finn\documents\github\adv-prog-cw\x64\debug\pointofservice.nativecodeanalysis.sarif
c:\users\finn\documents\github\adv-prog-cw\x64\debug\pointofservice.nativecodeanalysis.xml
c:\users\finn\documents\github\adv-prog-cw\x64\debug\main.nativecodeanalysis.sarif
c:\users\finn\documents\github\adv-prog-cw\x64\debug\main.nativecodeanalysis.xml
c:\users\finn\documents\github\adv-prog-cw\x64\debug\car.nativecodeanalysis.sarif
c:\users\finn\documents\github\adv-prog-cw\x64\debug\car.nativecodeanalysis.xml
c:\users\finn\documents\github\adv-prog-cw\x64\debug\bike.nativecodeanalysis.sarif
c:\users\finn\documents\github\adv-prog-cw\x64\debug\bike.nativecodeanalysis.xml
c:\users\finn\documents\github\adv-prog-cw\x64\debug\bike.obj
c:\users\finn\documents\github\adv-prog-cw\x64\debug\car.obj
c:\users\finn\documents\github\adv-prog-cw\x64\debug\main.obj
c:\users\finn\documents\github\adv-prog-cw\x64\debug\pointofservice.obj
c:\users\finn\documents\github\adv-prog-cw\x64\debug\record.obj
c:\users\finn\documents\github\adv-prog-cw\x64\debug\storage.obj
c:\users\finn\documents\github\adv-prog-cw\x64\debug\vehicle.obj
c:\users\finn\documents\github\adv-prog-cw\x64\debug\adv programming coursework.ilk
c:\users\finn\documents\github\adv-prog-cw\x64\debug\adv programming coursework.exe
c:\users\finn\documents\github\adv-prog-cw\x64\debug\adv programming coursework.pdb
c:\users\finn\documents\github\adv-prog-cw\x64\debug\vc.nativecodeanalysis.all.xml
c:\users\finn\documents\github\adv-prog-cw\x64\debug\adv prog.4a0324eb.tlog\cl.command.1.tlog
c:\users\finn\documents\github\adv-prog-cw\x64\debug\adv prog.4a0324eb.tlog\cl.read.1.tlog
c:\users\finn\documents\github\adv-prog-cw\x64\debug\adv prog.4a0324eb.tlog\cl.write.1.tlog
c:\users\finn\documents\github\adv-prog-cw\x64\debug\adv prog.4a0324eb.tlog\link.command.1.tlog
c:\users\finn\documents\github\adv-prog-cw\x64\debug\adv prog.4a0324eb.tlog\link.read.1.tlog
c:\users\finn\documents\github\adv-prog-cw\x64\debug\adv prog.4a0324eb.tlog\link.write.1.tlog
